<?xml version="1.0" encoding="UTF-8"?>
<testng-results ignored="0" total="2" passed="1" failed="1" skipped="0">
  <reporter-output>
  </reporter-output>
  <suite started-at="2021-09-20T13:50:01 IST" name="Suite" finished-at="2021-09-20T13:50:39 IST" duration-ms="38310">
    <groups>
      <group name="Smoke">
        <method signature="Tl_16_CreateNewLeadByGivingInvalidInputToEmailAndSecondaryEmailTest.createLeadByGivingInvalidInputToEmailAndSecondaryEmail()[pri:0, instance:com.crm.autodesk.LeadsTest.Tl_16_CreateNewLeadByGivingInvalidInputToEmailAndSecondaryEmailTest@58d75e99]" name="createLeadByGivingInvalidInputToEmailAndSecondaryEmail" class="com.crm.autodesk.LeadsTest.Tl_16_CreateNewLeadByGivingInvalidInputToEmailAndSecondaryEmailTest"/>
        <method signature="Tl_16_CreateNewLeadByGivingInvalidInputToEmailAndSecondaryEmailTest.createLeadByGivingInvalidInputToEmailAndSecondaryEmail()[pri:0, instance:com.crm.autodesk.LeadsTest.Tl_16_CreateNewLeadByGivingInvalidInputToEmailAndSecondaryEmailTest@47e2e487]" name="createLeadByGivingInvalidInputToEmailAndSecondaryEmail" class="com.crm.autodesk.LeadsTest.Tl_16_CreateNewLeadByGivingInvalidInputToEmailAndSecondaryEmailTest"/>
      </group> <!-- Smoke -->
    </groups>
    <test started-at="2021-09-20T13:50:01 IST" name="Test1" finished-at="2021-09-20T13:50:26 IST" duration-ms="24749">
      <class name="com.crm.autodesk.LeadsTest.Tl_16_CreateNewLeadByGivingInvalidInputToEmailAndSecondaryEmailTest">
        <test-method is-config="true" signature="launchBrowser(java.lang.String)[pri:0, instance:com.crm.autodesk.LeadsTest.Tl_16_CreateNewLeadByGivingInvalidInputToEmailAndSecondaryEmailTest@58d75e99]" started-at="2021-09-20T13:50:01 IST" name="launchBrowser" finished-at="2021-09-20T13:50:06 IST" duration-ms="4990" status="PASS">
          <params>
            <param index="0">
              <value>
                <![CDATA[chrome]]>
              </value>
            </param>
          </params>
          <reporter-output>
          </reporter-output>
        </test-method> <!-- launchBrowser -->
        <test-method is-config="true" signature="logIn()[pri:0, instance:com.crm.autodesk.LeadsTest.Tl_16_CreateNewLeadByGivingInvalidInputToEmailAndSecondaryEmailTest@58d75e99]" started-at="2021-09-20T13:50:06 IST" name="logIn" finished-at="2021-09-20T13:50:15 IST" duration-ms="9044" status="PASS">
          <reporter-output>
          </reporter-output>
        </test-method> <!-- logIn -->
        <test-method signature="createLeadByGivingInvalidInputToEmailAndSecondaryEmail()[pri:0, instance:com.crm.autodesk.LeadsTest.Tl_16_CreateNewLeadByGivingInvalidInputToEmailAndSecondaryEmailTest@58d75e99]" started-at="2021-09-20T13:50:15 IST" name="createLeadByGivingInvalidInputToEmailAndSecondaryEmail" finished-at="2021-09-20T13:50:25 IST" duration-ms="9740" status="PASS">
          <reporter-output>
          </reporter-output>
        </test-method> <!-- createLeadByGivingInvalidInputToEmailAndSecondaryEmail -->
        <test-method is-config="true" signature="logOut()[pri:0, instance:com.crm.autodesk.LeadsTest.Tl_16_CreateNewLeadByGivingInvalidInputToEmailAndSecondaryEmailTest@58d75e99]" started-at="2021-09-20T13:50:25 IST" name="logOut" finished-at="2021-09-20T13:50:26 IST" duration-ms="874" status="PASS">
          <reporter-output>
          </reporter-output>
        </test-method> <!-- logOut -->
        <test-method is-config="true" signature="closeBrowser()[pri:0, instance:com.crm.autodesk.LeadsTest.Tl_16_CreateNewLeadByGivingInvalidInputToEmailAndSecondaryEmailTest@58d75e99]" started-at="2021-09-20T13:50:26 IST" name="closeBrowser" finished-at="2021-09-20T13:50:26 IST" duration-ms="69" status="PASS">
          <reporter-output>
          </reporter-output>
        </test-method> <!-- closeBrowser -->
      </class> <!-- com.crm.autodesk.LeadsTest.Tl_16_CreateNewLeadByGivingInvalidInputToEmailAndSecondaryEmailTest -->
    </test> <!-- Test1 -->
    <test started-at="2021-09-20T13:50:01 IST" name="Test2" finished-at="2021-09-20T13:50:39 IST" duration-ms="38310">
      <class name="com.crm.autodesk.LeadsTest.Tl_16_CreateNewLeadByGivingInvalidInputToEmailAndSecondaryEmailTest">
        <test-method is-config="true" signature="connectToDB()[pri:0, instance:com.crm.autodesk.LeadsTest.Tl_16_CreateNewLeadByGivingInvalidInputToEmailAndSecondaryEmailTest@47e2e487]" started-at="2021-09-20T13:50:01 IST" name="connectToDB" finished-at="2021-09-20T13:50:01 IST" duration-ms="7" status="PASS">
          <reporter-output>
          </reporter-output>
        </test-method> <!-- connectToDB -->
        <test-method is-config="true" signature="launchBrowser(java.lang.String)[pri:0, instance:com.crm.autodesk.LeadsTest.Tl_16_CreateNewLeadByGivingInvalidInputToEmailAndSecondaryEmailTest@47e2e487]" started-at="2021-09-20T13:50:01 IST" name="launchBrowser" finished-at="2021-09-20T13:50:12 IST" duration-ms="10359" status="PASS">
          <params>
            <param index="0">
              <value>
                <![CDATA[firefox]]>
              </value>
            </param>
          </params>
          <reporter-output>
          </reporter-output>
        </test-method> <!-- launchBrowser -->
        <test-method is-config="true" signature="logIn()[pri:0, instance:com.crm.autodesk.LeadsTest.Tl_16_CreateNewLeadByGivingInvalidInputToEmailAndSecondaryEmailTest@47e2e487]" started-at="2021-09-20T13:50:12 IST" name="logIn" finished-at="2021-09-20T13:50:14 IST" duration-ms="1993" status="PASS">
          <reporter-output>
          </reporter-output>
        </test-method> <!-- logIn -->
        <test-method signature="createLeadByGivingInvalidInputToEmailAndSecondaryEmail()[pri:0, instance:com.crm.autodesk.LeadsTest.Tl_16_CreateNewLeadByGivingInvalidInputToEmailAndSecondaryEmailTest@47e2e487]" started-at="2021-09-20T13:50:14 IST" name="createLeadByGivingInvalidInputToEmailAndSecondaryEmail" finished-at="2021-09-20T13:50:37 IST" duration-ms="23292" status="FAIL">
          <exception class="org.openqa.selenium.NoSuchElementException">
            <message>
              <![CDATA[Unable to locate element: *[name='lastname']
For documentation on this error, please visit: https://www.seleniumhq.org/exceptions/no_such_element.html
Build info: version: '3.141.59', revision: 'e82be7d358', time: '2018-11-14T08:17:03'
System info: host: 'DESKTOP-PCI8H3O', ip: '192.168.43.250', os.name: 'Windows 10', os.arch: 'amd64', os.version: '10.0', java.version: '16.0.2'
Driver info: org.openqa.selenium.firefox.FirefoxDriver
Capabilities {acceptInsecureCerts: true, browserName: firefox, browserVersion: 92.0, javascriptEnabled: true, moz:accessibilityChecks: false, moz:buildID: 20210903235534, moz:geckodriverVersion: 0.29.1, moz:headless: false, moz:processID: 5008, moz:profile: C:\Users\SHRUTHI\AppData\Lo..., moz:shutdownTimeout: 60000, moz:useNonSpecCompliantPointerOrigin: false, moz:webdriverClick: true, pageLoadStrategy: normal, platform: WINDOWS, platformName: WINDOWS, platformVersion: 10.0, proxy: Proxy(), setWindowRect: true, strictFileInteractability: false, timeouts: {implicit: 0, pageLoad: 300000, script: 30000}, unhandledPromptBehavior: dismiss and notify}
Session ID: f6788842-f2f2-4ec6-ad79-2fc53a62469b
*** Element info: {Using=name, value=lastname}]]>
            </message>
            <full-stacktrace>
              <![CDATA[org.openqa.selenium.NoSuchElementException: Unable to locate element: *[name='lastname']
For documentation on this error, please visit: https://www.seleniumhq.org/exceptions/no_such_element.html
Build info: version: '3.141.59', revision: 'e82be7d358', time: '2018-11-14T08:17:03'
System info: host: 'DESKTOP-PCI8H3O', ip: '192.168.43.250', os.name: 'Windows 10', os.arch: 'amd64', os.version: '10.0', java.version: '16.0.2'
Driver info: org.openqa.selenium.firefox.FirefoxDriver
Capabilities {acceptInsecureCerts: true, browserName: firefox, browserVersion: 92.0, javascriptEnabled: true, moz:accessibilityChecks: false, moz:buildID: 20210903235534, moz:geckodriverVersion: 0.29.1, moz:headless: false, moz:processID: 5008, moz:profile: C:\Users\SHRUTHI\AppData\Lo..., moz:shutdownTimeout: 60000, moz:useNonSpecCompliantPointerOrigin: false, moz:webdriverClick: true, pageLoadStrategy: normal, platform: WINDOWS, platformName: WINDOWS, platformVersion: 10.0, proxy: Proxy(), setWindowRect: true, strictFileInteractability: false, timeouts: {implicit: 0, pageLoad: 300000, script: 30000}, unhandledPromptBehavior: dismiss and notify}
Session ID: f6788842-f2f2-4ec6-ad79-2fc53a62469b
*** Element info: {Using=name, value=lastname}
at java.base/jdk.internal.reflect.NativeConstructorAccessorImpl.newInstance0(Native Method)
at java.base/jdk.internal.reflect.NativeConstructorAccessorImpl.newInstance(NativeConstructorAccessorImpl.java:78)
at java.base/jdk.internal.reflect.DelegatingConstructorAccessorImpl.newInstance(DelegatingConstructorAccessorImpl.java:45)
at java.base/java.lang.reflect.Constructor.newInstanceWithCaller(Constructor.java:499)
at java.base/java.lang.reflect.Constructor.newInstance(Constructor.java:480)
at org.openqa.selenium.remote.http.W3CHttpResponseCodec.createException(W3CHttpResponseCodec.java:187)
at org.openqa.selenium.remote.http.W3CHttpResponseCodec.decode(W3CHttpResponseCodec.java:122)
at org.openqa.selenium.remote.http.W3CHttpResponseCodec.decode(W3CHttpResponseCodec.java:49)
at org.openqa.selenium.remote.HttpCommandExecutor.execute(HttpCommandExecutor.java:158)
at org.openqa.selenium.remote.service.DriverCommandExecutor.execute(DriverCommandExecutor.java:83)
at org.openqa.selenium.remote.RemoteWebDriver.execute(RemoteWebDriver.java:552)
at org.openqa.selenium.remote.RemoteWebDriver.findElement(RemoteWebDriver.java:323)
at org.openqa.selenium.remote.RemoteWebDriver.findElementByName(RemoteWebDriver.java:404)
at org.openqa.selenium.By$ByName.findElement(By.java:284)
at org.openqa.selenium.remote.RemoteWebDriver.findElement(RemoteWebDriver.java:315)
at org.openqa.selenium.support.pagefactory.DefaultElementLocator.findElement(DefaultElementLocator.java:69)
at org.openqa.selenium.support.pagefactory.internal.LocatingElementHandler.invoke(LocatingElementHandler.java:38)
at jdk.proxy2/jdk.proxy2.$Proxy17.sendKeys(Unknown Source)
at com.crm.autodesk.ElementRepository.CreateLeadsPage.createLeads(CreateLeadsPage.java:111)
at com.crm.autodesk.LeadsTest.Tl_16_CreateNewLeadByGivingInvalidInputToEmailAndSecondaryEmailTest.createLeadByGivingInvalidInputToEmailAndSecondaryEmail(Tl_16_CreateNewLeadByGivingInvalidInputToEmailAndSecondaryEmailTest.java:44)
at java.base/jdk.internal.reflect.NativeMethodAccessorImpl.invoke0(Native Method)
at java.base/jdk.internal.reflect.NativeMethodAccessorImpl.invoke(NativeMethodAccessorImpl.java:78)
at java.base/jdk.internal.reflect.DelegatingMethodAccessorImpl.invoke(DelegatingMethodAccessorImpl.java:43)
at java.base/java.lang.reflect.Method.invoke(Method.java:567)
at org.testng.internal.MethodInvocationHelper.invokeMethod(MethodInvocationHelper.java:133)
at org.testng.internal.TestInvoker.invokeMethod(TestInvoker.java:598)
at org.testng.internal.TestInvoker.invokeTestMethod(TestInvoker.java:173)
at org.testng.internal.MethodRunner.runInSequence(MethodRunner.java:46)
at org.testng.internal.TestInvoker$MethodInvocationAgent.invoke(TestInvoker.java:824)
at org.testng.internal.TestInvoker.invokeTestMethods(TestInvoker.java:146)
at org.testng.internal.TestMethodWorker.invokeTestMethods(TestMethodWorker.java:146)
at org.testng.internal.TestMethodWorker.run(TestMethodWorker.java:128)
at java.base/java.util.ArrayList.forEach(ArrayList.java:1511)
at org.testng.TestRunner.privateRun(TestRunner.java:794)
at org.testng.TestRunner.run(TestRunner.java:596)
at org.testng.SuiteRunner.runTest(SuiteRunner.java:377)
at org.testng.SuiteRunner.access$000(SuiteRunner.java:28)
at org.testng.SuiteRunner$SuiteWorker.run(SuiteRunner.java:418)
at org.testng.internal.thread.ThreadUtil.lambda$execute$0(ThreadUtil.java:64)
at java.base/java.util.concurrent.FutureTask.run(FutureTask.java:264)
at java.base/java.util.concurrent.ThreadPoolExecutor.runWorker(ThreadPoolExecutor.java:1130)
at java.base/java.util.concurrent.ThreadPoolExecutor$Worker.run(ThreadPoolExecutor.java:630)
at java.base/java.lang.Thread.run(Thread.java:831)
]]>
            </full-stacktrace>
          </exception> <!-- org.openqa.selenium.NoSuchElementException -->
          <reporter-output>
          </reporter-output>
        </test-method> <!-- createLeadByGivingInvalidInputToEmailAndSecondaryEmail -->
        <test-method is-config="true" signature="logOut()[pri:0, instance:com.crm.autodesk.LeadsTest.Tl_16_CreateNewLeadByGivingInvalidInputToEmailAndSecondaryEmailTest@47e2e487]" started-at="2021-09-20T13:50:37 IST" name="logOut" finished-at="2021-09-20T13:50:38 IST" duration-ms="1082" status="PASS">
          <reporter-output>
          </reporter-output>
        </test-method> <!-- logOut -->
        <test-method is-config="true" signature="closeBrowser()[pri:0, instance:com.crm.autodesk.LeadsTest.Tl_16_CreateNewLeadByGivingInvalidInputToEmailAndSecondaryEmailTest@47e2e487]" started-at="2021-09-20T13:50:38 IST" name="closeBrowser" finished-at="2021-09-20T13:50:39 IST" duration-ms="1496" status="PASS">
          <reporter-output>
          </reporter-output>
        </test-method> <!-- closeBrowser -->
        <test-method is-config="true" signature="disconnectFromDB()[pri:0, instance:com.crm.autodesk.LeadsTest.Tl_16_CreateNewLeadByGivingInvalidInputToEmailAndSecondaryEmailTest@47e2e487]" started-at="2021-09-20T13:50:39 IST" name="disconnectFromDB" finished-at="2021-09-20T13:50:39 IST" duration-ms="0" status="PASS">
          <reporter-output>
          </reporter-output>
        </test-method> <!-- disconnectFromDB -->
      </class> <!-- com.crm.autodesk.LeadsTest.Tl_16_CreateNewLeadByGivingInvalidInputToEmailAndSecondaryEmailTest -->
    </test> <!-- Test2 -->
  </suite> <!-- Suite -->
</testng-results>
