<?xml version="1.0" encoding="UTF-8"?>
<!-- Generated by org.testng.reporters.JUnitXMLReporter -->
<testsuite ignored="11" hostname="DESKTOP-PCI8H3O" failures="0" tests="2" name="Test" time="34.547" errors="0" timestamp="2021-09-15T13:36:09 IST">
  <testcase classname="com.crm.autodesk.LeadsTest.Tl_20_FillAllTheFieldsAndCancelTest" name="fillAllTheFieldsAndCancel" time="9.332"/>
  <testcase classname="com.crm.autodesk.LeadsTest.Tl_16_CreateNewLeadByGivingInvalidInputToEmailAndSecondaryEmailTest" name="createLeadByGivingInvalidInputToEmailAndSecondaryEmail" time="7.789"/>
  <testcase classname="com.crm.autodesk.GenericLibrary.BaseClass" name="@AfterSuite disconnectFromDB" time="0.0">
    <ignored/>
  </testcase> <!-- @AfterSuite disconnectFromDB -->
  <testcase classname="com.crm.autodesk.GenericLibrary.BaseClass" name="@AfterSuite disconnectFromDB" time="0.0">
    <ignored/>
  </testcase> <!-- @AfterSuite disconnectFromDB -->
  <testcase classname="com.crm.autodesk.GenericLibrary.BaseClass" name="@AfterSuite disconnectFromDB" time="0.0">
    <ignored/>
  </testcase> <!-- @AfterSuite disconnectFromDB -->
  <testcase classname="com.crm.autodesk.GenericLibrary.BaseClass" name="@AfterSuite disconnectFromDB" time="0.0">
    <ignored/>
  </testcase> <!-- @AfterSuite disconnectFromDB -->
  <testcase classname="com.crm.autodesk.GenericLibrary.BaseClass" name="@BeforeSuite connectToDB" time="0.0">
    <ignored/>
  </testcase> <!-- @BeforeSuite connectToDB -->
  <testcase classname="com.crm.autodesk.GenericLibrary.BaseClass" name="@BeforeSuite connectToDB" time="0.0">
    <ignored/>
  </testcase> <!-- @BeforeSuite connectToDB -->
  <testcase classname="com.crm.autodesk.GenericLibrary.BaseClass" name="@BeforeSuite connectToDB" time="0.0">
    <ignored/>
  </testcase> <!-- @BeforeSuite connectToDB -->
  <testcase classname="com.crm.autodesk.GenericLibrary.BaseClass" name="@BeforeSuite connectToDB" time="0.0">
    <ignored/>
  </testcase> <!-- @BeforeSuite connectToDB -->
  <testcase classname="com.crm.autodesk.LeadsTest.Tl_17_CreateNewLeadByGivingValidInputToPhoneAndMobileTest" name="createLeadByGivingValidInputToPhoneAndMobile" time="0.0">
    <ignored/>
  </testcase> <!-- createLeadByGivingValidInputToPhoneAndMobile -->
  <testcase classname="com.crm.autodesk.LeadsTest.Tl_19_CreateNewLeadWithoutFillingAnyFieldTest" name="createNewLeadWithoutFillingAnyField" time="0.0">
    <ignored/>
  </testcase> <!-- createNewLeadWithoutFillingAnyField -->
  <testcase classname="com.crm.autodesk.LeadsTest.Tl_18_CreateNewLeadByGivingValidInputToPhoneAndMobileTest" name="createLeadByGivingValidInputToPhoneAndMobile" time="0.0">
    <ignored/>
  </testcase> <!-- createLeadByGivingValidInputToPhoneAndMobile -->
</testsuite> <!-- Test -->
